[2026-01-09T13:39:13.617+0000] {processor.py:157} INFO - Started process (PID=57437) to work on /opt/airflow/dags/maintenance_pipeline.py
[2026-01-09T13:39:13.626+0000] {processor.py:829} INFO - Processing file /opt/airflow/dags/maintenance_pipeline.py for tasks to queue
[2026-01-09T13:39:13.634+0000] {logging_mixin.py:154} INFO - [2026-01-09T13:39:13.633+0000] {dagbag.py:536} INFO - Filling up the DagBag from /opt/airflow/dags/maintenance_pipeline.py
[2026-01-09T13:39:14.456+0000] {processor.py:839} INFO - DAG(s) dict_keys(['maintenance_pipeline']) retrieved from /opt/airflow/dags/maintenance_pipeline.py
[2026-01-09T13:39:15.876+0000] {logging_mixin.py:154} INFO - [2026-01-09T13:39:15.875+0000] {dag.py:2941} INFO - Sync 1 DAGs
[2026-01-09T13:39:16.077+0000] {logging_mixin.py:154} INFO - [2026-01-09T13:39:16.077+0000] {dag.py:3722} INFO - Setting next_dagrun for maintenance_pipeline to 2026-01-08T02:00:00+00:00, run_after=2026-01-09T02:00:00+00:00
[2026-01-09T13:39:16.396+0000] {processor.py:179} INFO - Processing /opt/airflow/dags/maintenance_pipeline.py took 2.806 seconds
[2026-01-09T13:39:46.780+0000] {processor.py:157} INFO - Started process (PID=57447) to work on /opt/airflow/dags/maintenance_pipeline.py
[2026-01-09T13:39:46.785+0000] {processor.py:829} INFO - Processing file /opt/airflow/dags/maintenance_pipeline.py for tasks to queue
[2026-01-09T13:39:46.793+0000] {logging_mixin.py:154} INFO - [2026-01-09T13:39:46.791+0000] {dagbag.py:536} INFO - Filling up the DagBag from /opt/airflow/dags/maintenance_pipeline.py
[2026-01-09T13:39:47.125+0000] {processor.py:839} INFO - DAG(s) dict_keys(['maintenance_pipeline']) retrieved from /opt/airflow/dags/maintenance_pipeline.py
[2026-01-09T13:39:47.220+0000] {logging_mixin.py:154} INFO - [2026-01-09T13:39:47.219+0000] {dag.py:2941} INFO - Sync 1 DAGs
[2026-01-09T13:39:47.371+0000] {logging_mixin.py:154} INFO - [2026-01-09T13:39:47.371+0000] {dag.py:3722} INFO - Setting next_dagrun for maintenance_pipeline to 2026-01-08T02:00:00+00:00, run_after=2026-01-09T02:00:00+00:00
[2026-01-09T13:39:47.441+0000] {processor.py:179} INFO - Processing /opt/airflow/dags/maintenance_pipeline.py took 0.694 seconds
[2026-01-09T13:40:17.995+0000] {processor.py:157} INFO - Started process (PID=57462) to work on /opt/airflow/dags/maintenance_pipeline.py
[2026-01-09T13:40:17.996+0000] {processor.py:829} INFO - Processing file /opt/airflow/dags/maintenance_pipeline.py for tasks to queue
[2026-01-09T13:40:17.997+0000] {logging_mixin.py:154} INFO - [2026-01-09T13:40:17.997+0000] {dagbag.py:536} INFO - Filling up the DagBag from /opt/airflow/dags/maintenance_pipeline.py
[2026-01-09T13:40:18.091+0000] {processor.py:839} INFO - DAG(s) dict_keys(['maintenance_pipeline']) retrieved from /opt/airflow/dags/maintenance_pipeline.py
[2026-01-09T13:40:18.183+0000] {logging_mixin.py:154} INFO - [2026-01-09T13:40:18.181+0000] {dag.py:2941} INFO - Sync 1 DAGs
[2026-01-09T13:40:18.330+0000] {logging_mixin.py:154} INFO - [2026-01-09T13:40:18.329+0000] {dag.py:3722} INFO - Setting next_dagrun for maintenance_pipeline to 2026-01-08T02:00:00+00:00, run_after=2026-01-09T02:00:00+00:00
[2026-01-09T13:40:18.394+0000] {processor.py:179} INFO - Processing /opt/airflow/dags/maintenance_pipeline.py took 0.405 seconds
[2026-01-09T13:40:48.662+0000] {processor.py:157} INFO - Started process (PID=57480) to work on /opt/airflow/dags/maintenance_pipeline.py
[2026-01-09T13:40:48.663+0000] {processor.py:829} INFO - Processing file /opt/airflow/dags/maintenance_pipeline.py for tasks to queue
[2026-01-09T13:40:48.665+0000] {logging_mixin.py:154} INFO - [2026-01-09T13:40:48.664+0000] {dagbag.py:536} INFO - Filling up the DagBag from /opt/airflow/dags/maintenance_pipeline.py
[2026-01-09T13:40:48.744+0000] {processor.py:839} INFO - DAG(s) dict_keys(['maintenance_pipeline']) retrieved from /opt/airflow/dags/maintenance_pipeline.py
[2026-01-09T13:40:48.789+0000] {logging_mixin.py:154} INFO - [2026-01-09T13:40:48.789+0000] {dag.py:2941} INFO - Sync 1 DAGs
[2026-01-09T13:40:48.826+0000] {logging_mixin.py:154} INFO - [2026-01-09T13:40:48.826+0000] {dag.py:3722} INFO - Setting next_dagrun for maintenance_pipeline to 2026-01-08T02:00:00+00:00, run_after=2026-01-09T02:00:00+00:00
[2026-01-09T13:40:48.854+0000] {processor.py:179} INFO - Processing /opt/airflow/dags/maintenance_pipeline.py took 0.197 seconds
[2026-01-09T13:41:19.075+0000] {processor.py:157} INFO - Started process (PID=57498) to work on /opt/airflow/dags/maintenance_pipeline.py
[2026-01-09T13:41:19.077+0000] {processor.py:829} INFO - Processing file /opt/airflow/dags/maintenance_pipeline.py for tasks to queue
[2026-01-09T13:41:19.078+0000] {logging_mixin.py:154} INFO - [2026-01-09T13:41:19.078+0000] {dagbag.py:536} INFO - Filling up the DagBag from /opt/airflow/dags/maintenance_pipeline.py
[2026-01-09T13:41:19.173+0000] {processor.py:839} INFO - DAG(s) dict_keys(['maintenance_pipeline']) retrieved from /opt/airflow/dags/maintenance_pipeline.py
[2026-01-09T13:41:19.223+0000] {logging_mixin.py:154} INFO - [2026-01-09T13:41:19.223+0000] {dag.py:2941} INFO - Sync 1 DAGs
[2026-01-09T13:41:19.264+0000] {logging_mixin.py:154} INFO - [2026-01-09T13:41:19.264+0000] {dag.py:3722} INFO - Setting next_dagrun for maintenance_pipeline to 2026-01-08T02:00:00+00:00, run_after=2026-01-09T02:00:00+00:00
[2026-01-09T13:41:19.308+0000] {processor.py:179} INFO - Processing /opt/airflow/dags/maintenance_pipeline.py took 0.237 seconds
[2026-01-09T13:41:49.528+0000] {processor.py:157} INFO - Started process (PID=57516) to work on /opt/airflow/dags/maintenance_pipeline.py
[2026-01-09T13:41:49.530+0000] {processor.py:829} INFO - Processing file /opt/airflow/dags/maintenance_pipeline.py for tasks to queue
[2026-01-09T13:41:49.533+0000] {logging_mixin.py:154} INFO - [2026-01-09T13:41:49.532+0000] {dagbag.py:536} INFO - Filling up the DagBag from /opt/airflow/dags/maintenance_pipeline.py
[2026-01-09T13:41:49.614+0000] {processor.py:839} INFO - DAG(s) dict_keys(['maintenance_pipeline']) retrieved from /opt/airflow/dags/maintenance_pipeline.py
[2026-01-09T13:41:49.653+0000] {logging_mixin.py:154} INFO - [2026-01-09T13:41:49.653+0000] {dag.py:2941} INFO - Sync 1 DAGs
[2026-01-09T13:41:49.684+0000] {logging_mixin.py:154} INFO - [2026-01-09T13:41:49.683+0000] {dag.py:3722} INFO - Setting next_dagrun for maintenance_pipeline to 2026-01-08T02:00:00+00:00, run_after=2026-01-09T02:00:00+00:00
[2026-01-09T13:41:49.708+0000] {processor.py:179} INFO - Processing /opt/airflow/dags/maintenance_pipeline.py took 0.189 seconds
[2026-01-09T13:42:19.976+0000] {processor.py:157} INFO - Started process (PID=57534) to work on /opt/airflow/dags/maintenance_pipeline.py
[2026-01-09T13:42:19.979+0000] {processor.py:829} INFO - Processing file /opt/airflow/dags/maintenance_pipeline.py for tasks to queue
[2026-01-09T13:42:19.985+0000] {logging_mixin.py:154} INFO - [2026-01-09T13:42:19.984+0000] {dagbag.py:536} INFO - Filling up the DagBag from /opt/airflow/dags/maintenance_pipeline.py
[2026-01-09T13:42:20.061+0000] {processor.py:839} INFO - DAG(s) dict_keys(['maintenance_pipeline']) retrieved from /opt/airflow/dags/maintenance_pipeline.py
[2026-01-09T13:42:20.102+0000] {logging_mixin.py:154} INFO - [2026-01-09T13:42:20.101+0000] {dag.py:2941} INFO - Sync 1 DAGs
[2026-01-09T13:42:20.134+0000] {logging_mixin.py:154} INFO - [2026-01-09T13:42:20.134+0000] {dag.py:3722} INFO - Setting next_dagrun for maintenance_pipeline to 2026-01-08T02:00:00+00:00, run_after=2026-01-09T02:00:00+00:00
[2026-01-09T13:42:20.163+0000] {processor.py:179} INFO - Processing /opt/airflow/dags/maintenance_pipeline.py took 0.195 seconds
[2026-01-09T13:42:50.434+0000] {processor.py:157} INFO - Started process (PID=57552) to work on /opt/airflow/dags/maintenance_pipeline.py
[2026-01-09T13:42:50.435+0000] {processor.py:829} INFO - Processing file /opt/airflow/dags/maintenance_pipeline.py for tasks to queue
[2026-01-09T13:42:50.437+0000] {logging_mixin.py:154} INFO - [2026-01-09T13:42:50.436+0000] {dagbag.py:536} INFO - Filling up the DagBag from /opt/airflow/dags/maintenance_pipeline.py
[2026-01-09T13:42:50.512+0000] {processor.py:839} INFO - DAG(s) dict_keys(['maintenance_pipeline']) retrieved from /opt/airflow/dags/maintenance_pipeline.py
[2026-01-09T13:42:50.552+0000] {logging_mixin.py:154} INFO - [2026-01-09T13:42:50.551+0000] {dag.py:2941} INFO - Sync 1 DAGs
[2026-01-09T13:42:50.583+0000] {logging_mixin.py:154} INFO - [2026-01-09T13:42:50.582+0000] {dag.py:3722} INFO - Setting next_dagrun for maintenance_pipeline to 2026-01-08T02:00:00+00:00, run_after=2026-01-09T02:00:00+00:00
[2026-01-09T13:42:50.608+0000] {processor.py:179} INFO - Processing /opt/airflow/dags/maintenance_pipeline.py took 0.179 seconds
[2026-01-09T13:43:20.666+0000] {processor.py:157} INFO - Started process (PID=57567) to work on /opt/airflow/dags/maintenance_pipeline.py
[2026-01-09T13:43:20.667+0000] {processor.py:829} INFO - Processing file /opt/airflow/dags/maintenance_pipeline.py for tasks to queue
[2026-01-09T13:43:20.669+0000] {logging_mixin.py:154} INFO - [2026-01-09T13:43:20.668+0000] {dagbag.py:536} INFO - Filling up the DagBag from /opt/airflow/dags/maintenance_pipeline.py
[2026-01-09T13:43:20.764+0000] {processor.py:839} INFO - DAG(s) dict_keys(['maintenance_pipeline']) retrieved from /opt/airflow/dags/maintenance_pipeline.py
[2026-01-09T13:43:20.818+0000] {logging_mixin.py:154} INFO - [2026-01-09T13:43:20.818+0000] {dag.py:2941} INFO - Sync 1 DAGs
[2026-01-09T13:43:20.859+0000] {logging_mixin.py:154} INFO - [2026-01-09T13:43:20.859+0000] {dag.py:3722} INFO - Setting next_dagrun for maintenance_pipeline to 2026-01-08T02:00:00+00:00, run_after=2026-01-09T02:00:00+00:00
[2026-01-09T13:43:20.896+0000] {processor.py:179} INFO - Processing /opt/airflow/dags/maintenance_pipeline.py took 0.235 seconds
[2026-01-09T13:43:51.245+0000] {processor.py:157} INFO - Started process (PID=57575) to work on /opt/airflow/dags/maintenance_pipeline.py
[2026-01-09T13:43:51.246+0000] {processor.py:829} INFO - Processing file /opt/airflow/dags/maintenance_pipeline.py for tasks to queue
[2026-01-09T13:43:51.248+0000] {logging_mixin.py:154} INFO - [2026-01-09T13:43:51.247+0000] {dagbag.py:536} INFO - Filling up the DagBag from /opt/airflow/dags/maintenance_pipeline.py
[2026-01-09T13:43:51.330+0000] {processor.py:839} INFO - DAG(s) dict_keys(['maintenance_pipeline']) retrieved from /opt/airflow/dags/maintenance_pipeline.py
[2026-01-09T13:43:51.386+0000] {logging_mixin.py:154} INFO - [2026-01-09T13:43:51.385+0000] {dag.py:2941} INFO - Sync 1 DAGs
[2026-01-09T13:43:51.428+0000] {logging_mixin.py:154} INFO - [2026-01-09T13:43:51.428+0000] {dag.py:3722} INFO - Setting next_dagrun for maintenance_pipeline to 2026-01-08T02:00:00+00:00, run_after=2026-01-09T02:00:00+00:00
[2026-01-09T13:43:51.461+0000] {processor.py:179} INFO - Processing /opt/airflow/dags/maintenance_pipeline.py took 0.224 seconds
[2026-01-09T13:44:21.768+0000] {processor.py:157} INFO - Started process (PID=57593) to work on /opt/airflow/dags/maintenance_pipeline.py
[2026-01-09T13:44:21.773+0000] {processor.py:829} INFO - Processing file /opt/airflow/dags/maintenance_pipeline.py for tasks to queue
[2026-01-09T13:44:21.776+0000] {logging_mixin.py:154} INFO - [2026-01-09T13:44:21.775+0000] {dagbag.py:536} INFO - Filling up the DagBag from /opt/airflow/dags/maintenance_pipeline.py
[2026-01-09T13:44:21.906+0000] {processor.py:839} INFO - DAG(s) dict_keys(['maintenance_pipeline']) retrieved from /opt/airflow/dags/maintenance_pipeline.py
[2026-01-09T13:44:21.963+0000] {logging_mixin.py:154} INFO - [2026-01-09T13:44:21.963+0000] {dag.py:2941} INFO - Sync 1 DAGs
[2026-01-09T13:44:22.006+0000] {logging_mixin.py:154} INFO - [2026-01-09T13:44:22.005+0000] {dag.py:3722} INFO - Setting next_dagrun for maintenance_pipeline to 2026-01-08T02:00:00+00:00, run_after=2026-01-09T02:00:00+00:00
[2026-01-09T13:44:22.039+0000] {processor.py:179} INFO - Processing /opt/airflow/dags/maintenance_pipeline.py took 0.278 seconds
[2026-01-09T13:44:52.301+0000] {processor.py:157} INFO - Started process (PID=57611) to work on /opt/airflow/dags/maintenance_pipeline.py
[2026-01-09T13:44:52.302+0000] {processor.py:829} INFO - Processing file /opt/airflow/dags/maintenance_pipeline.py for tasks to queue
[2026-01-09T13:44:52.303+0000] {logging_mixin.py:154} INFO - [2026-01-09T13:44:52.303+0000] {dagbag.py:536} INFO - Filling up the DagBag from /opt/airflow/dags/maintenance_pipeline.py
[2026-01-09T13:44:52.388+0000] {processor.py:839} INFO - DAG(s) dict_keys(['maintenance_pipeline']) retrieved from /opt/airflow/dags/maintenance_pipeline.py
[2026-01-09T13:44:52.431+0000] {logging_mixin.py:154} INFO - [2026-01-09T13:44:52.431+0000] {dag.py:2941} INFO - Sync 1 DAGs
[2026-01-09T13:44:52.465+0000] {logging_mixin.py:154} INFO - [2026-01-09T13:44:52.465+0000] {dag.py:3722} INFO - Setting next_dagrun for maintenance_pipeline to 2026-01-08T02:00:00+00:00, run_after=2026-01-09T02:00:00+00:00
[2026-01-09T13:44:52.498+0000] {processor.py:179} INFO - Processing /opt/airflow/dags/maintenance_pipeline.py took 0.202 seconds
[2026-01-09T13:45:22.742+0000] {processor.py:157} INFO - Started process (PID=57629) to work on /opt/airflow/dags/maintenance_pipeline.py
[2026-01-09T13:45:22.744+0000] {processor.py:829} INFO - Processing file /opt/airflow/dags/maintenance_pipeline.py for tasks to queue
[2026-01-09T13:45:22.746+0000] {logging_mixin.py:154} INFO - [2026-01-09T13:45:22.745+0000] {dagbag.py:536} INFO - Filling up the DagBag from /opt/airflow/dags/maintenance_pipeline.py
[2026-01-09T13:45:22.813+0000] {processor.py:839} INFO - DAG(s) dict_keys(['maintenance_pipeline']) retrieved from /opt/airflow/dags/maintenance_pipeline.py
[2026-01-09T13:45:22.849+0000] {logging_mixin.py:154} INFO - [2026-01-09T13:45:22.849+0000] {dag.py:2941} INFO - Sync 1 DAGs
[2026-01-09T13:45:22.875+0000] {logging_mixin.py:154} INFO - [2026-01-09T13:45:22.875+0000] {dag.py:3722} INFO - Setting next_dagrun for maintenance_pipeline to 2026-01-08T02:00:00+00:00, run_after=2026-01-09T02:00:00+00:00
[2026-01-09T13:45:22.907+0000] {processor.py:179} INFO - Processing /opt/airflow/dags/maintenance_pipeline.py took 0.170 seconds
[2026-01-09T13:45:53.157+0000] {processor.py:157} INFO - Started process (PID=57647) to work on /opt/airflow/dags/maintenance_pipeline.py
[2026-01-09T13:45:53.158+0000] {processor.py:829} INFO - Processing file /opt/airflow/dags/maintenance_pipeline.py for tasks to queue
[2026-01-09T13:45:53.159+0000] {logging_mixin.py:154} INFO - [2026-01-09T13:45:53.159+0000] {dagbag.py:536} INFO - Filling up the DagBag from /opt/airflow/dags/maintenance_pipeline.py
[2026-01-09T13:45:53.225+0000] {processor.py:839} INFO - DAG(s) dict_keys(['maintenance_pipeline']) retrieved from /opt/airflow/dags/maintenance_pipeline.py
[2026-01-09T13:45:53.262+0000] {logging_mixin.py:154} INFO - [2026-01-09T13:45:53.262+0000] {dag.py:2941} INFO - Sync 1 DAGs
[2026-01-09T13:45:53.294+0000] {logging_mixin.py:154} INFO - [2026-01-09T13:45:53.294+0000] {dag.py:3722} INFO - Setting next_dagrun for maintenance_pipeline to 2026-01-08T02:00:00+00:00, run_after=2026-01-09T02:00:00+00:00
[2026-01-09T13:45:53.319+0000] {processor.py:179} INFO - Processing /opt/airflow/dags/maintenance_pipeline.py took 0.167 seconds
[2026-01-09T13:46:23.557+0000] {processor.py:157} INFO - Started process (PID=57665) to work on /opt/airflow/dags/maintenance_pipeline.py
[2026-01-09T13:46:23.559+0000] {processor.py:829} INFO - Processing file /opt/airflow/dags/maintenance_pipeline.py for tasks to queue
[2026-01-09T13:46:23.561+0000] {logging_mixin.py:154} INFO - [2026-01-09T13:46:23.560+0000] {dagbag.py:536} INFO - Filling up the DagBag from /opt/airflow/dags/maintenance_pipeline.py
[2026-01-09T13:46:23.655+0000] {processor.py:839} INFO - DAG(s) dict_keys(['maintenance_pipeline']) retrieved from /opt/airflow/dags/maintenance_pipeline.py
[2026-01-09T13:46:23.710+0000] {logging_mixin.py:154} INFO - [2026-01-09T13:46:23.710+0000] {dag.py:2941} INFO - Sync 1 DAGs
[2026-01-09T13:46:23.752+0000] {logging_mixin.py:154} INFO - [2026-01-09T13:46:23.752+0000] {dag.py:3722} INFO - Setting next_dagrun for maintenance_pipeline to 2026-01-08T02:00:00+00:00, run_after=2026-01-09T02:00:00+00:00
[2026-01-09T13:46:23.787+0000] {processor.py:179} INFO - Processing /opt/airflow/dags/maintenance_pipeline.py took 0.234 seconds
[2026-01-09T13:46:54.044+0000] {processor.py:157} INFO - Started process (PID=57683) to work on /opt/airflow/dags/maintenance_pipeline.py
[2026-01-09T13:46:54.046+0000] {processor.py:829} INFO - Processing file /opt/airflow/dags/maintenance_pipeline.py for tasks to queue
[2026-01-09T13:46:54.047+0000] {logging_mixin.py:154} INFO - [2026-01-09T13:46:54.047+0000] {dagbag.py:536} INFO - Filling up the DagBag from /opt/airflow/dags/maintenance_pipeline.py
[2026-01-09T13:46:54.133+0000] {processor.py:839} INFO - DAG(s) dict_keys(['maintenance_pipeline']) retrieved from /opt/airflow/dags/maintenance_pipeline.py
[2026-01-09T13:46:54.188+0000] {logging_mixin.py:154} INFO - [2026-01-09T13:46:54.188+0000] {dag.py:2941} INFO - Sync 1 DAGs
[2026-01-09T13:46:54.226+0000] {logging_mixin.py:154} INFO - [2026-01-09T13:46:54.225+0000] {dag.py:3722} INFO - Setting next_dagrun for maintenance_pipeline to 2026-01-08T02:00:00+00:00, run_after=2026-01-09T02:00:00+00:00
[2026-01-09T13:46:54.256+0000] {processor.py:179} INFO - Processing /opt/airflow/dags/maintenance_pipeline.py took 0.222 seconds
[2026-01-09T13:47:24.323+0000] {processor.py:157} INFO - Started process (PID=57701) to work on /opt/airflow/dags/maintenance_pipeline.py
[2026-01-09T13:47:24.325+0000] {processor.py:829} INFO - Processing file /opt/airflow/dags/maintenance_pipeline.py for tasks to queue
[2026-01-09T13:47:24.326+0000] {logging_mixin.py:154} INFO - [2026-01-09T13:47:24.326+0000] {dagbag.py:536} INFO - Filling up the DagBag from /opt/airflow/dags/maintenance_pipeline.py
[2026-01-09T13:47:24.408+0000] {processor.py:839} INFO - DAG(s) dict_keys(['maintenance_pipeline']) retrieved from /opt/airflow/dags/maintenance_pipeline.py
[2026-01-09T13:47:24.460+0000] {logging_mixin.py:154} INFO - [2026-01-09T13:47:24.459+0000] {dag.py:2941} INFO - Sync 1 DAGs
[2026-01-09T13:47:24.494+0000] {logging_mixin.py:154} INFO - [2026-01-09T13:47:24.494+0000] {dag.py:3722} INFO - Setting next_dagrun for maintenance_pipeline to 2026-01-08T02:00:00+00:00, run_after=2026-01-09T02:00:00+00:00
[2026-01-09T13:47:24.523+0000] {processor.py:179} INFO - Processing /opt/airflow/dags/maintenance_pipeline.py took 0.228 seconds
[2026-01-09T13:47:54.731+0000] {processor.py:157} INFO - Started process (PID=57719) to work on /opt/airflow/dags/maintenance_pipeline.py
[2026-01-09T13:47:54.733+0000] {processor.py:829} INFO - Processing file /opt/airflow/dags/maintenance_pipeline.py for tasks to queue
[2026-01-09T13:47:54.734+0000] {logging_mixin.py:154} INFO - [2026-01-09T13:47:54.734+0000] {dagbag.py:536} INFO - Filling up the DagBag from /opt/airflow/dags/maintenance_pipeline.py
[2026-01-09T13:47:54.806+0000] {processor.py:839} INFO - DAG(s) dict_keys(['maintenance_pipeline']) retrieved from /opt/airflow/dags/maintenance_pipeline.py
[2026-01-09T13:47:54.852+0000] {logging_mixin.py:154} INFO - [2026-01-09T13:47:54.851+0000] {dag.py:2941} INFO - Sync 1 DAGs
[2026-01-09T13:47:54.889+0000] {logging_mixin.py:154} INFO - [2026-01-09T13:47:54.889+0000] {dag.py:3722} INFO - Setting next_dagrun for maintenance_pipeline to 2026-01-08T02:00:00+00:00, run_after=2026-01-09T02:00:00+00:00
[2026-01-09T13:47:54.919+0000] {processor.py:179} INFO - Processing /opt/airflow/dags/maintenance_pipeline.py took 0.194 seconds
[2026-01-09T13:48:25.158+0000] {processor.py:157} INFO - Started process (PID=57737) to work on /opt/airflow/dags/maintenance_pipeline.py
[2026-01-09T13:48:25.160+0000] {processor.py:829} INFO - Processing file /opt/airflow/dags/maintenance_pipeline.py for tasks to queue
[2026-01-09T13:48:25.161+0000] {logging_mixin.py:154} INFO - [2026-01-09T13:48:25.161+0000] {dagbag.py:536} INFO - Filling up the DagBag from /opt/airflow/dags/maintenance_pipeline.py
[2026-01-09T13:48:25.235+0000] {processor.py:839} INFO - DAG(s) dict_keys(['maintenance_pipeline']) retrieved from /opt/airflow/dags/maintenance_pipeline.py
[2026-01-09T13:48:25.276+0000] {logging_mixin.py:154} INFO - [2026-01-09T13:48:25.275+0000] {dag.py:2941} INFO - Sync 1 DAGs
[2026-01-09T13:48:25.305+0000] {logging_mixin.py:154} INFO - [2026-01-09T13:48:25.305+0000] {dag.py:3722} INFO - Setting next_dagrun for maintenance_pipeline to 2026-01-08T02:00:00+00:00, run_after=2026-01-09T02:00:00+00:00
[2026-01-09T13:48:25.333+0000] {processor.py:179} INFO - Processing /opt/airflow/dags/maintenance_pipeline.py took 0.180 seconds
[2026-01-09T13:48:55.382+0000] {processor.py:157} INFO - Started process (PID=57742) to work on /opt/airflow/dags/maintenance_pipeline.py
[2026-01-09T13:48:55.384+0000] {processor.py:829} INFO - Processing file /opt/airflow/dags/maintenance_pipeline.py for tasks to queue
[2026-01-09T13:48:55.386+0000] {logging_mixin.py:154} INFO - [2026-01-09T13:48:55.385+0000] {dagbag.py:536} INFO - Filling up the DagBag from /opt/airflow/dags/maintenance_pipeline.py
[2026-01-09T13:48:55.468+0000] {processor.py:839} INFO - DAG(s) dict_keys(['maintenance_pipeline']) retrieved from /opt/airflow/dags/maintenance_pipeline.py
[2026-01-09T13:48:55.518+0000] {logging_mixin.py:154} INFO - [2026-01-09T13:48:55.517+0000] {dag.py:2941} INFO - Sync 1 DAGs
[2026-01-09T13:48:55.563+0000] {logging_mixin.py:154} INFO - [2026-01-09T13:48:55.563+0000] {dag.py:3722} INFO - Setting next_dagrun for maintenance_pipeline to 2026-01-08T02:00:00+00:00, run_after=2026-01-09T02:00:00+00:00
[2026-01-09T13:48:55.600+0000] {processor.py:179} INFO - Processing /opt/airflow/dags/maintenance_pipeline.py took 0.224 seconds
[2026-01-09T13:49:25.982+0000] {processor.py:157} INFO - Started process (PID=57760) to work on /opt/airflow/dags/maintenance_pipeline.py
[2026-01-09T13:49:25.984+0000] {processor.py:829} INFO - Processing file /opt/airflow/dags/maintenance_pipeline.py for tasks to queue
[2026-01-09T13:49:25.985+0000] {logging_mixin.py:154} INFO - [2026-01-09T13:49:25.985+0000] {dagbag.py:536} INFO - Filling up the DagBag from /opt/airflow/dags/maintenance_pipeline.py
[2026-01-09T13:49:26.054+0000] {processor.py:839} INFO - DAG(s) dict_keys(['maintenance_pipeline']) retrieved from /opt/airflow/dags/maintenance_pipeline.py
[2026-01-09T13:49:26.105+0000] {logging_mixin.py:154} INFO - [2026-01-09T13:49:26.105+0000] {dag.py:2941} INFO - Sync 1 DAGs
[2026-01-09T13:49:26.143+0000] {logging_mixin.py:154} INFO - [2026-01-09T13:49:26.143+0000] {dag.py:3722} INFO - Setting next_dagrun for maintenance_pipeline to 2026-01-08T02:00:00+00:00, run_after=2026-01-09T02:00:00+00:00
[2026-01-09T13:49:26.177+0000] {processor.py:179} INFO - Processing /opt/airflow/dags/maintenance_pipeline.py took 0.199 seconds
[2026-01-09T13:49:56.388+0000] {processor.py:157} INFO - Started process (PID=57778) to work on /opt/airflow/dags/maintenance_pipeline.py
[2026-01-09T13:49:56.390+0000] {processor.py:829} INFO - Processing file /opt/airflow/dags/maintenance_pipeline.py for tasks to queue
[2026-01-09T13:49:56.391+0000] {logging_mixin.py:154} INFO - [2026-01-09T13:49:56.391+0000] {dagbag.py:536} INFO - Filling up the DagBag from /opt/airflow/dags/maintenance_pipeline.py
[2026-01-09T13:49:56.461+0000] {processor.py:839} INFO - DAG(s) dict_keys(['maintenance_pipeline']) retrieved from /opt/airflow/dags/maintenance_pipeline.py
[2026-01-09T13:49:56.504+0000] {logging_mixin.py:154} INFO - [2026-01-09T13:49:56.504+0000] {dag.py:2941} INFO - Sync 1 DAGs
[2026-01-09T13:49:56.539+0000] {logging_mixin.py:154} INFO - [2026-01-09T13:49:56.539+0000] {dag.py:3722} INFO - Setting next_dagrun for maintenance_pipeline to 2026-01-08T02:00:00+00:00, run_after=2026-01-09T02:00:00+00:00
[2026-01-09T13:49:56.561+0000] {processor.py:179} INFO - Processing /opt/airflow/dags/maintenance_pipeline.py took 0.177 seconds
[2026-01-09T13:50:26.706+0000] {processor.py:157} INFO - Started process (PID=57796) to work on /opt/airflow/dags/maintenance_pipeline.py
[2026-01-09T13:50:26.707+0000] {processor.py:829} INFO - Processing file /opt/airflow/dags/maintenance_pipeline.py for tasks to queue
[2026-01-09T13:50:26.709+0000] {logging_mixin.py:154} INFO - [2026-01-09T13:50:26.708+0000] {dagbag.py:536} INFO - Filling up the DagBag from /opt/airflow/dags/maintenance_pipeline.py
[2026-01-09T13:50:26.769+0000] {processor.py:839} INFO - DAG(s) dict_keys(['maintenance_pipeline']) retrieved from /opt/airflow/dags/maintenance_pipeline.py
[2026-01-09T13:50:26.806+0000] {logging_mixin.py:154} INFO - [2026-01-09T13:50:26.806+0000] {dag.py:2941} INFO - Sync 1 DAGs
[2026-01-09T13:50:26.832+0000] {logging_mixin.py:154} INFO - [2026-01-09T13:50:26.832+0000] {dag.py:3722} INFO - Setting next_dagrun for maintenance_pipeline to 2026-01-08T02:00:00+00:00, run_after=2026-01-09T02:00:00+00:00
[2026-01-09T13:50:26.856+0000] {processor.py:179} INFO - Processing /opt/airflow/dags/maintenance_pipeline.py took 0.154 seconds
[2026-01-09T13:50:57.098+0000] {processor.py:157} INFO - Started process (PID=57814) to work on /opt/airflow/dags/maintenance_pipeline.py
[2026-01-09T13:50:57.100+0000] {processor.py:829} INFO - Processing file /opt/airflow/dags/maintenance_pipeline.py for tasks to queue
[2026-01-09T13:50:57.101+0000] {logging_mixin.py:154} INFO - [2026-01-09T13:50:57.101+0000] {dagbag.py:536} INFO - Filling up the DagBag from /opt/airflow/dags/maintenance_pipeline.py
[2026-01-09T13:50:57.189+0000] {processor.py:839} INFO - DAG(s) dict_keys(['maintenance_pipeline']) retrieved from /opt/airflow/dags/maintenance_pipeline.py
[2026-01-09T13:50:57.238+0000] {logging_mixin.py:154} INFO - [2026-01-09T13:50:57.238+0000] {dag.py:2941} INFO - Sync 1 DAGs
[2026-01-09T13:50:57.279+0000] {logging_mixin.py:154} INFO - [2026-01-09T13:50:57.279+0000] {dag.py:3722} INFO - Setting next_dagrun for maintenance_pipeline to 2026-01-08T02:00:00+00:00, run_after=2026-01-09T02:00:00+00:00
[2026-01-09T13:50:57.307+0000] {processor.py:179} INFO - Processing /opt/airflow/dags/maintenance_pipeline.py took 0.214 seconds
[2026-01-09T13:51:27.350+0000] {processor.py:157} INFO - Started process (PID=57832) to work on /opt/airflow/dags/maintenance_pipeline.py
[2026-01-09T13:51:27.351+0000] {processor.py:829} INFO - Processing file /opt/airflow/dags/maintenance_pipeline.py for tasks to queue
[2026-01-09T13:51:27.353+0000] {logging_mixin.py:154} INFO - [2026-01-09T13:51:27.352+0000] {dagbag.py:536} INFO - Filling up the DagBag from /opt/airflow/dags/maintenance_pipeline.py
[2026-01-09T13:51:27.429+0000] {processor.py:839} INFO - DAG(s) dict_keys(['maintenance_pipeline']) retrieved from /opt/airflow/dags/maintenance_pipeline.py
[2026-01-09T13:51:27.472+0000] {logging_mixin.py:154} INFO - [2026-01-09T13:51:27.471+0000] {dag.py:2941} INFO - Sync 1 DAGs
[2026-01-09T13:51:27.502+0000] {logging_mixin.py:154} INFO - [2026-01-09T13:51:27.502+0000] {dag.py:3722} INFO - Setting next_dagrun for maintenance_pipeline to 2026-01-08T02:00:00+00:00, run_after=2026-01-09T02:00:00+00:00
[2026-01-09T13:51:27.526+0000] {processor.py:179} INFO - Processing /opt/airflow/dags/maintenance_pipeline.py took 0.182 seconds
[2026-01-09T13:51:59.827+0000] {processor.py:157} INFO - Started process (PID=57840) to work on /opt/airflow/dags/maintenance_pipeline.py
[2026-01-09T13:51:59.834+0000] {processor.py:829} INFO - Processing file /opt/airflow/dags/maintenance_pipeline.py for tasks to queue
[2026-01-09T13:51:59.853+0000] {logging_mixin.py:154} INFO - [2026-01-09T13:51:59.851+0000] {dagbag.py:536} INFO - Filling up the DagBag from /opt/airflow/dags/maintenance_pipeline.py
[2026-01-09T13:52:00.447+0000] {processor.py:839} INFO - DAG(s) dict_keys(['maintenance_pipeline']) retrieved from /opt/airflow/dags/maintenance_pipeline.py
[2026-01-09T13:52:00.603+0000] {logging_mixin.py:154} INFO - [2026-01-09T13:52:00.603+0000] {dag.py:2941} INFO - Sync 1 DAGs
[2026-01-09T13:52:00.710+0000] {logging_mixin.py:154} INFO - [2026-01-09T13:52:00.710+0000] {dag.py:3722} INFO - Setting next_dagrun for maintenance_pipeline to 2026-01-08T02:00:00+00:00, run_after=2026-01-09T02:00:00+00:00
[2026-01-09T13:52:00.829+0000] {processor.py:179} INFO - Processing /opt/airflow/dags/maintenance_pipeline.py took 1.051 seconds
[2026-01-09T13:52:31.422+0000] {processor.py:157} INFO - Started process (PID=57854) to work on /opt/airflow/dags/maintenance_pipeline.py
[2026-01-09T13:52:31.424+0000] {processor.py:829} INFO - Processing file /opt/airflow/dags/maintenance_pipeline.py for tasks to queue
[2026-01-09T13:52:31.432+0000] {logging_mixin.py:154} INFO - [2026-01-09T13:52:31.430+0000] {dagbag.py:536} INFO - Filling up the DagBag from /opt/airflow/dags/maintenance_pipeline.py
[2026-01-09T13:52:31.651+0000] {processor.py:839} INFO - DAG(s) dict_keys(['maintenance_pipeline']) retrieved from /opt/airflow/dags/maintenance_pipeline.py
[2026-01-09T13:52:31.727+0000] {logging_mixin.py:154} INFO - [2026-01-09T13:52:31.727+0000] {dag.py:2941} INFO - Sync 1 DAGs
[2026-01-09T13:52:31.763+0000] {logging_mixin.py:154} INFO - [2026-01-09T13:52:31.763+0000] {dag.py:3722} INFO - Setting next_dagrun for maintenance_pipeline to 2026-01-08T02:00:00+00:00, run_after=2026-01-09T02:00:00+00:00
[2026-01-09T13:52:31.794+0000] {processor.py:179} INFO - Processing /opt/airflow/dags/maintenance_pipeline.py took 0.472 seconds
[2026-01-09T13:53:02.157+0000] {processor.py:157} INFO - Started process (PID=57872) to work on /opt/airflow/dags/maintenance_pipeline.py
[2026-01-09T13:53:02.161+0000] {processor.py:829} INFO - Processing file /opt/airflow/dags/maintenance_pipeline.py for tasks to queue
[2026-01-09T13:53:02.162+0000] {logging_mixin.py:154} INFO - [2026-01-09T13:53:02.161+0000] {dagbag.py:536} INFO - Filling up the DagBag from /opt/airflow/dags/maintenance_pipeline.py
[2026-01-09T13:53:02.297+0000] {processor.py:839} INFO - DAG(s) dict_keys(['maintenance_pipeline']) retrieved from /opt/airflow/dags/maintenance_pipeline.py
[2026-01-09T13:53:02.362+0000] {logging_mixin.py:154} INFO - [2026-01-09T13:53:02.362+0000] {dag.py:2941} INFO - Sync 1 DAGs
[2026-01-09T13:53:02.426+0000] {logging_mixin.py:154} INFO - [2026-01-09T13:53:02.425+0000] {dag.py:3722} INFO - Setting next_dagrun for maintenance_pipeline to 2026-01-08T02:00:00+00:00, run_after=2026-01-09T02:00:00+00:00
[2026-01-09T13:53:02.469+0000] {processor.py:179} INFO - Processing /opt/airflow/dags/maintenance_pipeline.py took 0.320 seconds
[2026-01-09T13:53:32.764+0000] {processor.py:157} INFO - Started process (PID=57880) to work on /opt/airflow/dags/maintenance_pipeline.py
[2026-01-09T13:53:32.810+0000] {processor.py:829} INFO - Processing file /opt/airflow/dags/maintenance_pipeline.py for tasks to queue
[2026-01-09T13:53:32.822+0000] {logging_mixin.py:154} INFO - [2026-01-09T13:53:32.821+0000] {dagbag.py:536} INFO - Filling up the DagBag from /opt/airflow/dags/maintenance_pipeline.py
[2026-01-09T13:53:33.402+0000] {processor.py:839} INFO - DAG(s) dict_keys(['maintenance_pipeline']) retrieved from /opt/airflow/dags/maintenance_pipeline.py
[2026-01-09T13:53:33.465+0000] {logging_mixin.py:154} INFO - [2026-01-09T13:53:33.464+0000] {dag.py:2941} INFO - Sync 1 DAGs
[2026-01-09T13:53:33.503+0000] {logging_mixin.py:154} INFO - [2026-01-09T13:53:33.503+0000] {dag.py:3722} INFO - Setting next_dagrun for maintenance_pipeline to 2026-01-08T02:00:00+00:00, run_after=2026-01-09T02:00:00+00:00
[2026-01-09T13:53:33.531+0000] {processor.py:179} INFO - Processing /opt/airflow/dags/maintenance_pipeline.py took 0.908 seconds
[2026-01-09T13:54:03.594+0000] {processor.py:157} INFO - Started process (PID=57895) to work on /opt/airflow/dags/maintenance_pipeline.py
[2026-01-09T13:54:03.596+0000] {processor.py:829} INFO - Processing file /opt/airflow/dags/maintenance_pipeline.py for tasks to queue
[2026-01-09T13:54:03.599+0000] {logging_mixin.py:154} INFO - [2026-01-09T13:54:03.598+0000] {dagbag.py:536} INFO - Filling up the DagBag from /opt/airflow/dags/maintenance_pipeline.py
[2026-01-09T13:54:03.713+0000] {processor.py:839} INFO - DAG(s) dict_keys(['maintenance_pipeline']) retrieved from /opt/airflow/dags/maintenance_pipeline.py
[2026-01-09T13:54:03.762+0000] {logging_mixin.py:154} INFO - [2026-01-09T13:54:03.761+0000] {dag.py:2941} INFO - Sync 1 DAGs
[2026-01-09T13:54:03.793+0000] {logging_mixin.py:154} INFO - [2026-01-09T13:54:03.793+0000] {dag.py:3722} INFO - Setting next_dagrun for maintenance_pipeline to 2026-01-08T02:00:00+00:00, run_after=2026-01-09T02:00:00+00:00
[2026-01-09T13:54:03.818+0000] {processor.py:179} INFO - Processing /opt/airflow/dags/maintenance_pipeline.py took 0.232 seconds
[2026-01-09T13:54:34.101+0000] {processor.py:157} INFO - Started process (PID=57913) to work on /opt/airflow/dags/maintenance_pipeline.py
[2026-01-09T13:54:34.103+0000] {processor.py:829} INFO - Processing file /opt/airflow/dags/maintenance_pipeline.py for tasks to queue
[2026-01-09T13:54:34.105+0000] {logging_mixin.py:154} INFO - [2026-01-09T13:54:34.104+0000] {dagbag.py:536} INFO - Filling up the DagBag from /opt/airflow/dags/maintenance_pipeline.py
[2026-01-09T13:54:34.201+0000] {processor.py:839} INFO - DAG(s) dict_keys(['maintenance_pipeline']) retrieved from /opt/airflow/dags/maintenance_pipeline.py
[2026-01-09T13:54:34.273+0000] {logging_mixin.py:154} INFO - [2026-01-09T13:54:34.273+0000] {dag.py:2941} INFO - Sync 1 DAGs
[2026-01-09T13:54:34.321+0000] {logging_mixin.py:154} INFO - [2026-01-09T13:54:34.321+0000] {dag.py:3722} INFO - Setting next_dagrun for maintenance_pipeline to 2026-01-08T02:00:00+00:00, run_after=2026-01-09T02:00:00+00:00
[2026-01-09T13:54:34.358+0000] {processor.py:179} INFO - Processing /opt/airflow/dags/maintenance_pipeline.py took 0.264 seconds
[2026-01-09T13:55:04.531+0000] {processor.py:157} INFO - Started process (PID=57931) to work on /opt/airflow/dags/maintenance_pipeline.py
[2026-01-09T13:55:04.533+0000] {processor.py:829} INFO - Processing file /opt/airflow/dags/maintenance_pipeline.py for tasks to queue
[2026-01-09T13:55:04.534+0000] {logging_mixin.py:154} INFO - [2026-01-09T13:55:04.533+0000] {dagbag.py:536} INFO - Filling up the DagBag from /opt/airflow/dags/maintenance_pipeline.py
[2026-01-09T13:55:04.609+0000] {processor.py:839} INFO - DAG(s) dict_keys(['maintenance_pipeline']) retrieved from /opt/airflow/dags/maintenance_pipeline.py
[2026-01-09T13:55:04.662+0000] {logging_mixin.py:154} INFO - [2026-01-09T13:55:04.662+0000] {dag.py:2941} INFO - Sync 1 DAGs
[2026-01-09T13:55:04.700+0000] {logging_mixin.py:154} INFO - [2026-01-09T13:55:04.700+0000] {dag.py:3722} INFO - Setting next_dagrun for maintenance_pipeline to 2026-01-08T02:00:00+00:00, run_after=2026-01-09T02:00:00+00:00
[2026-01-09T13:55:04.732+0000] {processor.py:179} INFO - Processing /opt/airflow/dags/maintenance_pipeline.py took 0.208 seconds
[2026-01-09T13:55:34.976+0000] {processor.py:157} INFO - Started process (PID=57949) to work on /opt/airflow/dags/maintenance_pipeline.py
[2026-01-09T13:55:34.977+0000] {processor.py:829} INFO - Processing file /opt/airflow/dags/maintenance_pipeline.py for tasks to queue
[2026-01-09T13:55:34.979+0000] {logging_mixin.py:154} INFO - [2026-01-09T13:55:34.979+0000] {dagbag.py:536} INFO - Filling up the DagBag from /opt/airflow/dags/maintenance_pipeline.py
[2026-01-09T13:55:35.070+0000] {processor.py:839} INFO - DAG(s) dict_keys(['maintenance_pipeline']) retrieved from /opt/airflow/dags/maintenance_pipeline.py
[2026-01-09T13:55:35.134+0000] {logging_mixin.py:154} INFO - [2026-01-09T13:55:35.134+0000] {dag.py:2941} INFO - Sync 1 DAGs
[2026-01-09T13:55:35.174+0000] {logging_mixin.py:154} INFO - [2026-01-09T13:55:35.174+0000] {dag.py:3722} INFO - Setting next_dagrun for maintenance_pipeline to 2026-01-08T02:00:00+00:00, run_after=2026-01-09T02:00:00+00:00
[2026-01-09T13:55:35.204+0000] {processor.py:179} INFO - Processing /opt/airflow/dags/maintenance_pipeline.py took 0.234 seconds
[2026-01-09T13:56:05.453+0000] {processor.py:157} INFO - Started process (PID=57967) to work on /opt/airflow/dags/maintenance_pipeline.py
[2026-01-09T13:56:05.454+0000] {processor.py:829} INFO - Processing file /opt/airflow/dags/maintenance_pipeline.py for tasks to queue
[2026-01-09T13:56:05.455+0000] {logging_mixin.py:154} INFO - [2026-01-09T13:56:05.455+0000] {dagbag.py:536} INFO - Filling up the DagBag from /opt/airflow/dags/maintenance_pipeline.py
[2026-01-09T13:56:05.542+0000] {processor.py:839} INFO - DAG(s) dict_keys(['maintenance_pipeline']) retrieved from /opt/airflow/dags/maintenance_pipeline.py
[2026-01-09T13:56:05.603+0000] {logging_mixin.py:154} INFO - [2026-01-09T13:56:05.603+0000] {dag.py:2941} INFO - Sync 1 DAGs
[2026-01-09T13:56:05.648+0000] {logging_mixin.py:154} INFO - [2026-01-09T13:56:05.648+0000] {dag.py:3722} INFO - Setting next_dagrun for maintenance_pipeline to 2026-01-08T02:00:00+00:00, run_after=2026-01-09T02:00:00+00:00
[2026-01-09T13:56:05.683+0000] {processor.py:179} INFO - Processing /opt/airflow/dags/maintenance_pipeline.py took 0.236 seconds
[2026-01-09T13:56:35.963+0000] {processor.py:157} INFO - Started process (PID=57985) to work on /opt/airflow/dags/maintenance_pipeline.py
[2026-01-09T13:56:35.965+0000] {processor.py:829} INFO - Processing file /opt/airflow/dags/maintenance_pipeline.py for tasks to queue
[2026-01-09T13:56:35.967+0000] {logging_mixin.py:154} INFO - [2026-01-09T13:56:35.967+0000] {dagbag.py:536} INFO - Filling up the DagBag from /opt/airflow/dags/maintenance_pipeline.py
[2026-01-09T13:56:36.074+0000] {processor.py:839} INFO - DAG(s) dict_keys(['maintenance_pipeline']) retrieved from /opt/airflow/dags/maintenance_pipeline.py
[2026-01-09T13:56:36.138+0000] {logging_mixin.py:154} INFO - [2026-01-09T13:56:36.137+0000] {dag.py:2941} INFO - Sync 1 DAGs
[2026-01-09T13:56:36.189+0000] {logging_mixin.py:154} INFO - [2026-01-09T13:56:36.188+0000] {dag.py:3722} INFO - Setting next_dagrun for maintenance_pipeline to 2026-01-08T02:00:00+00:00, run_after=2026-01-09T02:00:00+00:00
[2026-01-09T13:56:36.232+0000] {processor.py:179} INFO - Processing /opt/airflow/dags/maintenance_pipeline.py took 0.276 seconds
[2026-01-09T13:57:07.185+0000] {processor.py:157} INFO - Started process (PID=58003) to work on /opt/airflow/dags/maintenance_pipeline.py
[2026-01-09T13:57:07.187+0000] {processor.py:829} INFO - Processing file /opt/airflow/dags/maintenance_pipeline.py for tasks to queue
[2026-01-09T13:57:07.189+0000] {logging_mixin.py:154} INFO - [2026-01-09T13:57:07.188+0000] {dagbag.py:536} INFO - Filling up the DagBag from /opt/airflow/dags/maintenance_pipeline.py
[2026-01-09T13:57:07.280+0000] {processor.py:839} INFO - DAG(s) dict_keys(['maintenance_pipeline']) retrieved from /opt/airflow/dags/maintenance_pipeline.py
[2026-01-09T13:57:07.333+0000] {logging_mixin.py:154} INFO - [2026-01-09T13:57:07.333+0000] {dag.py:2941} INFO - Sync 1 DAGs
[2026-01-09T13:57:07.367+0000] {logging_mixin.py:154} INFO - [2026-01-09T13:57:07.366+0000] {dag.py:3722} INFO - Setting next_dagrun for maintenance_pipeline to 2026-01-08T02:00:00+00:00, run_after=2026-01-09T02:00:00+00:00
[2026-01-09T13:57:07.395+0000] {processor.py:179} INFO - Processing /opt/airflow/dags/maintenance_pipeline.py took 0.215 seconds
[2026-01-09T13:57:37.616+0000] {processor.py:157} INFO - Started process (PID=58021) to work on /opt/airflow/dags/maintenance_pipeline.py
[2026-01-09T13:57:37.618+0000] {processor.py:829} INFO - Processing file /opt/airflow/dags/maintenance_pipeline.py for tasks to queue
[2026-01-09T13:57:37.620+0000] {logging_mixin.py:154} INFO - [2026-01-09T13:57:37.619+0000] {dagbag.py:536} INFO - Filling up the DagBag from /opt/airflow/dags/maintenance_pipeline.py
[2026-01-09T13:57:37.717+0000] {processor.py:839} INFO - DAG(s) dict_keys(['maintenance_pipeline']) retrieved from /opt/airflow/dags/maintenance_pipeline.py
[2026-01-09T13:57:37.767+0000] {logging_mixin.py:154} INFO - [2026-01-09T13:57:37.767+0000] {dag.py:2941} INFO - Sync 1 DAGs
[2026-01-09T13:57:37.810+0000] {logging_mixin.py:154} INFO - [2026-01-09T13:57:37.810+0000] {dag.py:3722} INFO - Setting next_dagrun for maintenance_pipeline to 2026-01-08T02:00:00+00:00, run_after=2026-01-09T02:00:00+00:00
[2026-01-09T13:57:37.840+0000] {processor.py:179} INFO - Processing /opt/airflow/dags/maintenance_pipeline.py took 0.229 seconds
[2026-01-09T13:58:07.962+0000] {processor.py:157} INFO - Started process (PID=58037) to work on /opt/airflow/dags/maintenance_pipeline.py
[2026-01-09T13:58:07.964+0000] {processor.py:829} INFO - Processing file /opt/airflow/dags/maintenance_pipeline.py for tasks to queue
[2026-01-09T13:58:07.965+0000] {logging_mixin.py:154} INFO - [2026-01-09T13:58:07.965+0000] {dagbag.py:536} INFO - Filling up the DagBag from /opt/airflow/dags/maintenance_pipeline.py
[2026-01-09T13:58:08.274+0000] {processor.py:839} INFO - DAG(s) dict_keys(['maintenance_pipeline']) retrieved from /opt/airflow/dags/maintenance_pipeline.py
[2026-01-09T13:58:08.347+0000] {logging_mixin.py:154} INFO - [2026-01-09T13:58:08.347+0000] {dag.py:2941} INFO - Sync 1 DAGs
[2026-01-09T13:58:08.391+0000] {logging_mixin.py:154} INFO - [2026-01-09T13:58:08.390+0000] {dag.py:3722} INFO - Setting next_dagrun for maintenance_pipeline to 2026-01-08T02:00:00+00:00, run_after=2026-01-09T02:00:00+00:00
[2026-01-09T13:58:08.415+0000] {processor.py:179} INFO - Processing /opt/airflow/dags/maintenance_pipeline.py took 0.460 seconds
[2026-01-09T13:58:38.675+0000] {processor.py:157} INFO - Started process (PID=58044) to work on /opt/airflow/dags/maintenance_pipeline.py
[2026-01-09T13:58:38.678+0000] {processor.py:829} INFO - Processing file /opt/airflow/dags/maintenance_pipeline.py for tasks to queue
[2026-01-09T13:58:38.680+0000] {logging_mixin.py:154} INFO - [2026-01-09T13:58:38.679+0000] {dagbag.py:536} INFO - Filling up the DagBag from /opt/airflow/dags/maintenance_pipeline.py
[2026-01-09T13:58:38.786+0000] {processor.py:839} INFO - DAG(s) dict_keys(['maintenance_pipeline']) retrieved from /opt/airflow/dags/maintenance_pipeline.py
[2026-01-09T13:58:38.857+0000] {logging_mixin.py:154} INFO - [2026-01-09T13:58:38.857+0000] {dag.py:2941} INFO - Sync 1 DAGs
[2026-01-09T13:58:38.905+0000] {logging_mixin.py:154} INFO - [2026-01-09T13:58:38.904+0000] {dag.py:3722} INFO - Setting next_dagrun for maintenance_pipeline to 2026-01-08T02:00:00+00:00, run_after=2026-01-09T02:00:00+00:00
[2026-01-09T13:58:38.944+0000] {processor.py:179} INFO - Processing /opt/airflow/dags/maintenance_pipeline.py took 0.276 seconds
[2026-01-09T13:59:09.178+0000] {processor.py:157} INFO - Started process (PID=58062) to work on /opt/airflow/dags/maintenance_pipeline.py
[2026-01-09T13:59:09.179+0000] {processor.py:829} INFO - Processing file /opt/airflow/dags/maintenance_pipeline.py for tasks to queue
[2026-01-09T13:59:09.180+0000] {logging_mixin.py:154} INFO - [2026-01-09T13:59:09.180+0000] {dagbag.py:536} INFO - Filling up the DagBag from /opt/airflow/dags/maintenance_pipeline.py
[2026-01-09T13:59:09.271+0000] {processor.py:839} INFO - DAG(s) dict_keys(['maintenance_pipeline']) retrieved from /opt/airflow/dags/maintenance_pipeline.py
[2026-01-09T13:59:09.321+0000] {logging_mixin.py:154} INFO - [2026-01-09T13:59:09.320+0000] {dag.py:2941} INFO - Sync 1 DAGs
[2026-01-09T13:59:09.359+0000] {logging_mixin.py:154} INFO - [2026-01-09T13:59:09.359+0000] {dag.py:3722} INFO - Setting next_dagrun for maintenance_pipeline to 2026-01-08T02:00:00+00:00, run_after=2026-01-09T02:00:00+00:00
[2026-01-09T13:59:09.389+0000] {processor.py:179} INFO - Processing /opt/airflow/dags/maintenance_pipeline.py took 0.217 seconds
[2026-01-09T13:59:39.607+0000] {processor.py:157} INFO - Started process (PID=58080) to work on /opt/airflow/dags/maintenance_pipeline.py
[2026-01-09T13:59:39.608+0000] {processor.py:829} INFO - Processing file /opt/airflow/dags/maintenance_pipeline.py for tasks to queue
[2026-01-09T13:59:39.610+0000] {logging_mixin.py:154} INFO - [2026-01-09T13:59:39.609+0000] {dagbag.py:536} INFO - Filling up the DagBag from /opt/airflow/dags/maintenance_pipeline.py
[2026-01-09T13:59:39.704+0000] {processor.py:839} INFO - DAG(s) dict_keys(['maintenance_pipeline']) retrieved from /opt/airflow/dags/maintenance_pipeline.py
[2026-01-09T13:59:39.762+0000] {logging_mixin.py:154} INFO - [2026-01-09T13:59:39.762+0000] {dag.py:2941} INFO - Sync 1 DAGs
[2026-01-09T13:59:39.805+0000] {logging_mixin.py:154} INFO - [2026-01-09T13:59:39.805+0000] {dag.py:3722} INFO - Setting next_dagrun for maintenance_pipeline to 2026-01-08T02:00:00+00:00, run_after=2026-01-09T02:00:00+00:00
[2026-01-09T13:59:39.841+0000] {processor.py:179} INFO - Processing /opt/airflow/dags/maintenance_pipeline.py took 0.238 seconds
[2026-01-09T14:00:10.096+0000] {processor.py:157} INFO - Started process (PID=58098) to work on /opt/airflow/dags/maintenance_pipeline.py
[2026-01-09T14:00:10.098+0000] {processor.py:829} INFO - Processing file /opt/airflow/dags/maintenance_pipeline.py for tasks to queue
[2026-01-09T14:00:10.099+0000] {logging_mixin.py:154} INFO - [2026-01-09T14:00:10.099+0000] {dagbag.py:536} INFO - Filling up the DagBag from /opt/airflow/dags/maintenance_pipeline.py
[2026-01-09T14:00:10.221+0000] {processor.py:839} INFO - DAG(s) dict_keys(['maintenance_pipeline']) retrieved from /opt/airflow/dags/maintenance_pipeline.py
[2026-01-09T14:00:10.298+0000] {logging_mixin.py:154} INFO - [2026-01-09T14:00:10.298+0000] {dag.py:2941} INFO - Sync 1 DAGs
[2026-01-09T14:00:10.347+0000] {logging_mixin.py:154} INFO - [2026-01-09T14:00:10.346+0000] {dag.py:3722} INFO - Setting next_dagrun for maintenance_pipeline to 2026-01-08T02:00:00+00:00, run_after=2026-01-09T02:00:00+00:00
[2026-01-09T14:00:10.382+0000] {processor.py:179} INFO - Processing /opt/airflow/dags/maintenance_pipeline.py took 0.293 seconds
[2026-01-09T14:00:40.562+0000] {processor.py:157} INFO - Started process (PID=58116) to work on /opt/airflow/dags/maintenance_pipeline.py
[2026-01-09T14:00:40.563+0000] {processor.py:829} INFO - Processing file /opt/airflow/dags/maintenance_pipeline.py for tasks to queue
[2026-01-09T14:00:40.565+0000] {logging_mixin.py:154} INFO - [2026-01-09T14:00:40.564+0000] {dagbag.py:536} INFO - Filling up the DagBag from /opt/airflow/dags/maintenance_pipeline.py
[2026-01-09T14:00:40.662+0000] {processor.py:839} INFO - DAG(s) dict_keys(['maintenance_pipeline']) retrieved from /opt/airflow/dags/maintenance_pipeline.py
[2026-01-09T14:00:40.714+0000] {logging_mixin.py:154} INFO - [2026-01-09T14:00:40.714+0000] {dag.py:2941} INFO - Sync 1 DAGs
[2026-01-09T14:00:40.753+0000] {logging_mixin.py:154} INFO - [2026-01-09T14:00:40.753+0000] {dag.py:3722} INFO - Setting next_dagrun for maintenance_pipeline to 2026-01-08T02:00:00+00:00, run_after=2026-01-09T02:00:00+00:00
[2026-01-09T14:00:40.786+0000] {processor.py:179} INFO - Processing /opt/airflow/dags/maintenance_pipeline.py took 0.229 seconds
[2026-01-09T14:01:10.887+0000] {processor.py:157} INFO - Started process (PID=58134) to work on /opt/airflow/dags/maintenance_pipeline.py
[2026-01-09T14:01:10.888+0000] {processor.py:829} INFO - Processing file /opt/airflow/dags/maintenance_pipeline.py for tasks to queue
[2026-01-09T14:01:10.891+0000] {logging_mixin.py:154} INFO - [2026-01-09T14:01:10.890+0000] {dagbag.py:536} INFO - Filling up the DagBag from /opt/airflow/dags/maintenance_pipeline.py
[2026-01-09T14:01:10.973+0000] {processor.py:839} INFO - DAG(s) dict_keys(['maintenance_pipeline']) retrieved from /opt/airflow/dags/maintenance_pipeline.py
[2026-01-09T14:01:11.026+0000] {logging_mixin.py:154} INFO - [2026-01-09T14:01:11.025+0000] {dag.py:2941} INFO - Sync 1 DAGs
[2026-01-09T14:01:11.062+0000] {logging_mixin.py:154} INFO - [2026-01-09T14:01:11.061+0000] {dag.py:3722} INFO - Setting next_dagrun for maintenance_pipeline to 2026-01-08T02:00:00+00:00, run_after=2026-01-09T02:00:00+00:00
[2026-01-09T14:01:11.089+0000] {processor.py:179} INFO - Processing /opt/airflow/dags/maintenance_pipeline.py took 0.209 seconds
[2026-01-09T14:01:41.267+0000] {processor.py:157} INFO - Started process (PID=58152) to work on /opt/airflow/dags/maintenance_pipeline.py
[2026-01-09T14:01:41.268+0000] {processor.py:829} INFO - Processing file /opt/airflow/dags/maintenance_pipeline.py for tasks to queue
[2026-01-09T14:01:41.269+0000] {logging_mixin.py:154} INFO - [2026-01-09T14:01:41.269+0000] {dagbag.py:536} INFO - Filling up the DagBag from /opt/airflow/dags/maintenance_pipeline.py
[2026-01-09T14:01:41.346+0000] {processor.py:839} INFO - DAG(s) dict_keys(['maintenance_pipeline']) retrieved from /opt/airflow/dags/maintenance_pipeline.py
[2026-01-09T14:01:41.409+0000] {logging_mixin.py:154} INFO - [2026-01-09T14:01:41.409+0000] {dag.py:2941} INFO - Sync 1 DAGs
[2026-01-09T14:01:41.501+0000] {logging_mixin.py:154} INFO - [2026-01-09T14:01:41.497+0000] {dag.py:3722} INFO - Setting next_dagrun for maintenance_pipeline to 2026-01-08T02:00:00+00:00, run_after=2026-01-09T02:00:00+00:00
[2026-01-09T14:01:41.620+0000] {processor.py:179} INFO - Processing /opt/airflow/dags/maintenance_pipeline.py took 0.357 seconds
